#This file was generated using SimGrid-3.32.0
#[./build/bin/main --cfg=smpi/privatization:1 --cfg=smpi/np:4 --cfg=smpi/hostfile:hostfiles/cluster_hostfile.txt --cfg=tracing:yes --cfg=tracing/filename:smpi_simgrid.trace --cfg=tracing/smpi:yes --cfg=surf/precision:1e-9 --cfg=network/model:SMPI --cfg=smpi/tmpdir:/tmp platforms/cluster_crossbar.xml -p 2 -q 2 -n 10 -b 5 --algorithm p2p --niter 2 -c -v ]
%EventDef PajeDefineContainerType 0
%       Alias string
%       Type string
%       Name string
%EndEventDef
%EventDef PajeDefineVariableType 1
%       Alias string
%       Type string
%       Name string
%       Color color
%EndEventDef
%EventDef PajeDefineStateType 2
%       Alias string
%       Type string
%       Name string
%EndEventDef
%EventDef PajeDefineEventType 3
%       Alias string
%       Type string
%       Name string
%EndEventDef
%EventDef PajeDefineLinkType 4
%       Alias string
%       Type string
%       StartContainerType string
%       EndContainerType string
%       Name string
%EndEventDef
%EventDef PajeDefineEntityValue 5
%       Alias string
%       Type string
%       Name string
%       Color color
%EndEventDef
%EventDef PajeCreateContainer 6
%       Time date
%       Alias string
%       Type string
%       Container string
%       Name string
%EndEventDef
%EventDef PajeDestroyContainer 7
%       Time date
%       Type string
%       Name string
%EndEventDef
%EventDef PajeSetVariable 8
%       Time date
%       Type string
%       Container string
%       Value double
%EndEventDef
%EventDef PajeAddVariable 9
%       Time date
%       Type string
%       Container string
%       Value double
%EndEventDef
%EventDef PajeSubVariable 10
%       Time date
%       Type string
%       Container string
%       Value double
%EndEventDef
%EventDef PajeSetState 11
%       Time date
%       Type string
%       Container string
%       Value string
%EndEventDef
%EventDef PajePushState 12
%       Time date
%       Type string
%       Container string
%       Value string
%EndEventDef
%EventDef PajePopState 13
%       Time date
%       Type string
%       Container string
%EndEventDef
%EventDef PajeResetState 14
%       Time date
%       Type string
%       Container string
%EndEventDef
%EventDef PajeStartLink 15
%       Time date
%       Type string
%       Container string
%       Value string
%       StartContainer string
%       Key string
%EndEventDef
%EventDef PajeEndLink 16
%       Time date
%       Type string
%       Container string
%       Value string
%       EndContainer string
%       Key string
%EndEventDef
%EventDef PajeNewEvent 17
%       Time date
%       Type string
%       Container string
%       Value string
%EndEventDef
0 1 0 MPI
2 2 1 MPI_STATE
4 3 0 1 1 MPI_LINK
4 4 0 1 1 MIGRATE_LINK
2 5 1 MIGRATE_STATE
6 0.000000 1 1 0 "rank-0"
6 0.000000 2 1 0 "rank-1"
6 0.000000 3 1 0 "rank-2"
6 0.000000 4 1 0 "rank-3"
5 6 2 PMPI_Init "0 1 0"
12 0.000000 2 1 6
13 0.000000 2 1
12 0.000000 2 2 6
13 0.000000 2 2
12 0.000000 2 3 6
13 0.000000 2 3
12 0.000000 2 4 6
13 0.000000 2 4
5 7 2 PMPI_Barrier "0 0.39 0.78"
5 8 2 PMPI_Ssend "0 0 1"
5 9 2 PMPI_Recv "1 0 0"
12 0.000000 2 3 7
12 0.000000 2 4 7
12 0.000000 2 2 7
12 0.000000 2 1 7
13 0.000024 2 1
12 0.000024 2 1 7
13 0.000048 2 4
13 0.000048 2 3
13 0.000048 2 2
12 0.000048 2 2 7
12 0.000048 2 3 7
12 0.000048 2 4 7
13 0.000072 2 1
12 0.000072 2 1 8
15 0.000072 3 0 PTP 1 1_2_0_1
13 0.000096 2 4
13 0.000096 2 3
13 0.000096 2 2
12 0.000096 2 3 8
15 0.000096 3 0 PTP 3 3_4_0_2
12 0.000096 2 2 9
12 0.000096 2 4 9
13 0.000125 2 1
16 0.000125 3 0 PTP 2 1_2_0_1
13 0.000125 2 2
13 0.000125 2 3
16 0.000125 3 0 PTP 4 3_4_0_2
13 0.000125 2 4
12 0.000125 2 3 8
15 0.000125 3 0 PTP 3 3_4_0_3
12 0.000125 2 4 9
12 0.000125 2 2 9
12 0.000125 2 1 8
15 0.000125 3 0 PTP 1 1_2_0_4
13 0.000154 2 3
16 0.000154 3 0 PTP 4 3_4_0_3
13 0.000154 2 4
16 0.000154 3 0 PTP 2 1_2_0_4
13 0.000154 2 2
13 0.000154 2 1
12 0.000154 2 1 8
15 0.000154 3 0 PTP 1 1_3_0_5
12 0.000154 2 2 8
15 0.000154 3 0 PTP 2 2_4_0_6
12 0.000154 2 3 9
12 0.000154 2 4 8
15 0.000154 3 0 PTP 4 4_3_0_7
13 0.000184 2 1
16 0.000184 3 0 PTP 3 1_3_0_5
13 0.000184 2 3
12 0.000184 2 3 9
12 0.000184 2 1 9
7 0.000184 1 1
7 0.000184 1 2
7 0.000184 1 3
7 0.000184 1 4
